0 info it worked if it ends with ok
1 verbose cli [ '/Users/erica/.meteor/packages/meteor-tool/.1.4.1_1.pwmow++os.osx.x86_64+web.browser+web.cordova/mt-os.osx.x86_64/dev_bundle/bin/node',
1 verbose cli   '/Users/erica/.meteor/packages/meteor-tool/.1.4.1_1.pwmow++os.osx.x86_64+web.browser+web.cordova/mt-os.osx.x86_64/dev_bundle/bin/npm',
1 verbose cli   'install',
1 verbose cli   '--save',
1 verbose cli   'bcrypt' ]
2 info using npm@3.10.6
3 info using node@v4.5.0
4 silly loadCurrentTree Starting
5 silly install loadCurrentTree
6 silly install readLocalPackageData
7 silly fetchPackageMetaData bcrypt
8 silly fetchNamedPackageData bcrypt
9 silly mapToRegistry name bcrypt
10 silly mapToRegistry using default registry
11 silly mapToRegistry registry https://registry.npmjs.org/
12 silly mapToRegistry data Result {
12 silly mapToRegistry   raw: 'bcrypt',
12 silly mapToRegistry   scope: null,
12 silly mapToRegistry   escapedName: 'bcrypt',
12 silly mapToRegistry   name: 'bcrypt',
12 silly mapToRegistry   rawSpec: '',
12 silly mapToRegistry   spec: 'latest',
12 silly mapToRegistry   type: 'tag' }
13 silly mapToRegistry uri https://registry.npmjs.org/bcrypt
14 verbose request uri https://registry.npmjs.org/bcrypt
15 verbose request no auth needed
16 info attempt registry request try #1 at 4:37:27 PM
17 verbose request id 4cf4b8ea675fd19f
18 http request GET https://registry.npmjs.org/bcrypt
19 http 200 https://registry.npmjs.org/bcrypt
20 verbose headers { server: 'CouchDB/1.5.0 (Erlang OTP/R16B03)',
20 verbose headers   etag: '"2FF0346IN4BKU77Q7FZUE13K3"',
20 verbose headers   'content-type': 'application/json',
20 verbose headers   'content-encoding': 'gzip',
20 verbose headers   'cache-control': 'max-age=300',
20 verbose headers   'content-length': '11862',
20 verbose headers   'accept-ranges': 'bytes',
20 verbose headers   date: 'Wed, 31 Aug 2016 23:37:27 GMT',
20 verbose headers   via: '1.1 varnish',
20 verbose headers   age: '0',
20 verbose headers   connection: 'keep-alive',
20 verbose headers   'x-served-by': 'cache-lax1430-LAX',
20 verbose headers   'x-cache': 'HIT',
20 verbose headers   'x-cache-hits': '1',
20 verbose headers   'x-timer': 'S1472686647.205195,VS0,VE43',
20 verbose headers   vary: 'Accept-Encoding' }
21 silly get cb [ 200,
21 silly get   { server: 'CouchDB/1.5.0 (Erlang OTP/R16B03)',
21 silly get     etag: '"2FF0346IN4BKU77Q7FZUE13K3"',
21 silly get     'content-type': 'application/json',
21 silly get     'content-encoding': 'gzip',
21 silly get     'cache-control': 'max-age=300',
21 silly get     'content-length': '11862',
21 silly get     'accept-ranges': 'bytes',
21 silly get     date: 'Wed, 31 Aug 2016 23:37:27 GMT',
21 silly get     via: '1.1 varnish',
21 silly get     age: '0',
21 silly get     connection: 'keep-alive',
21 silly get     'x-served-by': 'cache-lax1430-LAX',
21 silly get     'x-cache': 'HIT',
21 silly get     'x-cache-hits': '1',
21 silly get     'x-timer': 'S1472686647.205195,VS0,VE43',
21 silly get     vary: 'Accept-Encoding' } ]
22 verbose get saving bcrypt to /Users/erica/.npm/registry.npmjs.org/bcrypt/.cache.json
23 verbose correctMkdir /Users/erica/.npm correctMkdir not in flight; initializing
24 silly install normalizeTree
25 silly loadCurrentTree Finishing
26 silly loadIdealTree Starting
27 silly install loadIdealTree
28 silly cloneCurrentTree Starting
29 silly install cloneCurrentTreeToIdealTree
30 silly cloneCurrentTree Finishing
31 silly loadShrinkwrap Starting
32 silly install loadShrinkwrap
33 silly loadShrinkwrap Finishing
34 silly loadAllDepsIntoIdealTree Starting
35 silly install loadAllDepsIntoIdealTree
36 silly resolveWithNewModule bcrypt@0.8.7 checking installable status
37 silly cache add args [ 'bcrypt', null ]
38 verbose cache add spec bcrypt
39 silly cache add parsed spec Result {
39 silly cache add   raw: 'bcrypt',
39 silly cache add   scope: null,
39 silly cache add   escapedName: 'bcrypt',
39 silly cache add   name: 'bcrypt',
39 silly cache add   rawSpec: '',
39 silly cache add   spec: 'latest',
39 silly cache add   type: 'tag' }
40 silly addNamed bcrypt@latest
41 verbose addNamed "latest" is being treated as a dist-tag for bcrypt
42 info addNameTag [ 'bcrypt', 'latest' ]
43 silly mapToRegistry name bcrypt
44 silly mapToRegistry using default registry
45 silly mapToRegistry registry https://registry.npmjs.org/
46 silly mapToRegistry data Result {
46 silly mapToRegistry   raw: 'bcrypt',
46 silly mapToRegistry   scope: null,
46 silly mapToRegistry   escapedName: 'bcrypt',
46 silly mapToRegistry   name: 'bcrypt',
46 silly mapToRegistry   rawSpec: '',
46 silly mapToRegistry   spec: 'latest',
46 silly mapToRegistry   type: 'tag' }
47 silly mapToRegistry uri https://registry.npmjs.org/bcrypt
48 verbose addNameTag registry:https://registry.npmjs.org/bcrypt not in flight; fetching
49 verbose get https://registry.npmjs.org/bcrypt not expired, no request
50 silly addNameTag next cb for bcrypt with tag latest
51 silly addNamed bcrypt@0.8.7
52 verbose addNamed "0.8.7" is a plain semver version for bcrypt
53 silly mapToRegistry name bcrypt
54 silly mapToRegistry using default registry
55 silly mapToRegistry registry https://registry.npmjs.org/
56 silly mapToRegistry data Result {
56 silly mapToRegistry   raw: 'bcrypt',
56 silly mapToRegistry   scope: null,
56 silly mapToRegistry   escapedName: 'bcrypt',
56 silly mapToRegistry   name: 'bcrypt',
56 silly mapToRegistry   rawSpec: '',
56 silly mapToRegistry   spec: 'latest',
56 silly mapToRegistry   type: 'tag' }
57 silly mapToRegistry uri https://registry.npmjs.org/bcrypt
58 verbose addRemoteTarball https://registry.npmjs.org/bcrypt/-/bcrypt-0.8.7.tgz not in flight; adding
59 verbose addRemoteTarball [ 'https://registry.npmjs.org/bcrypt/-/bcrypt-0.8.7.tgz',
59 verbose addRemoteTarball   'bc3875a9afd0a7b2cd231a6a7f218a5ce156b093' ]
60 info retry fetch attempt 1 at 4:37:27 PM
61 info attempt registry request try #1 at 4:37:27 PM
62 http fetch GET https://registry.npmjs.org/bcrypt/-/bcrypt-0.8.7.tgz
63 http fetch 200 https://registry.npmjs.org/bcrypt/-/bcrypt-0.8.7.tgz
64 silly fetchAndShaCheck shasum bc3875a9afd0a7b2cd231a6a7f218a5ce156b093
65 verbose addTmpTarball /var/folders/j7/7vcm5jcj7s36sw63yf9555tr0000gn/T/npm-29466-f81042e2/registry.npmjs.org/bcrypt/-/bcrypt-0.8.7.tgz not in flight; adding
66 verbose addTmpTarball already have metadata; skipping unpack for bcrypt@0.8.7
67 verbose correctMkdir /Users/erica/.npm correctMkdir not in flight; initializing
68 silly cache afterAdd bcrypt@0.8.7
69 verbose afterAdd /Users/erica/.npm/bcrypt/0.8.7/package/package.json not in flight; writing
70 verbose correctMkdir /Users/erica/.npm correctMkdir not in flight; initializing
71 verbose afterAdd /Users/erica/.npm/bcrypt/0.8.7/package/package.json written
72 silly fetchNamedPackageData bindings
73 silly mapToRegistry name bindings
74 silly mapToRegistry using default registry
75 silly mapToRegistry registry https://registry.npmjs.org/
76 silly mapToRegistry data Result {
76 silly mapToRegistry   raw: 'bindings',
76 silly mapToRegistry   scope: null,
76 silly mapToRegistry   escapedName: 'bindings',
76 silly mapToRegistry   name: 'bindings',
76 silly mapToRegistry   rawSpec: '',
76 silly mapToRegistry   spec: 'latest',
76 silly mapToRegistry   type: 'tag' }
77 silly mapToRegistry uri https://registry.npmjs.org/bindings
78 silly fetchNamedPackageData nan
79 silly mapToRegistry name nan
80 silly mapToRegistry using default registry
81 silly mapToRegistry registry https://registry.npmjs.org/
82 silly mapToRegistry data Result {
82 silly mapToRegistry   raw: 'nan',
82 silly mapToRegistry   scope: null,
82 silly mapToRegistry   escapedName: 'nan',
82 silly mapToRegistry   name: 'nan',
82 silly mapToRegistry   rawSpec: '',
82 silly mapToRegistry   spec: 'latest',
82 silly mapToRegistry   type: 'tag' }
83 silly mapToRegistry uri https://registry.npmjs.org/nan
84 verbose request uri https://registry.npmjs.org/bindings
85 verbose request no auth needed
86 info attempt registry request try #1 at 4:37:27 PM
87 verbose etag "1LLBF9OH58DLBEL4629U6032D"
88 http request GET https://registry.npmjs.org/bindings
89 verbose request uri https://registry.npmjs.org/nan
90 verbose request no auth needed
91 info attempt registry request try #1 at 4:37:27 PM
92 verbose etag "798MRG5PQ3TIGV0CLUOSQMVAG"
93 http request GET https://registry.npmjs.org/nan
94 http 200 https://registry.npmjs.org/bindings
95 verbose headers { server: 'CouchDB/1.6.1 (Erlang OTP/R16B03)',
95 verbose headers   etag: '"33TX4J3DNTGF7K41ZUV6OA182"',
95 verbose headers   'content-type': 'application/json',
95 verbose headers   'content-encoding': 'gzip',
95 verbose headers   'cache-control': 'max-age=300',
95 verbose headers   'content-length': '3804',
95 verbose headers   'accept-ranges': 'bytes',
95 verbose headers   date: 'Wed, 31 Aug 2016 23:37:27 GMT',
95 verbose headers   via: '1.1 varnish',
95 verbose headers   age: '274',
95 verbose headers   connection: 'keep-alive',
95 verbose headers   'x-served-by': 'cache-lax1430-LAX',
95 verbose headers   'x-cache': 'HIT',
95 verbose headers   'x-cache-hits': '2',
95 verbose headers   'x-timer': 'S1472686647.437645,VS0,VE0',
95 verbose headers   vary: 'Accept-Encoding' }
96 silly get cb [ 200,
96 silly get   { server: 'CouchDB/1.6.1 (Erlang OTP/R16B03)',
96 silly get     etag: '"33TX4J3DNTGF7K41ZUV6OA182"',
96 silly get     'content-type': 'application/json',
96 silly get     'content-encoding': 'gzip',
96 silly get     'cache-control': 'max-age=300',
96 silly get     'content-length': '3804',
96 silly get     'accept-ranges': 'bytes',
96 silly get     date: 'Wed, 31 Aug 2016 23:37:27 GMT',
96 silly get     via: '1.1 varnish',
96 silly get     age: '274',
96 silly get     connection: 'keep-alive',
96 silly get     'x-served-by': 'cache-lax1430-LAX',
96 silly get     'x-cache': 'HIT',
96 silly get     'x-cache-hits': '2',
96 silly get     'x-timer': 'S1472686647.437645,VS0,VE0',
96 silly get     vary: 'Accept-Encoding' } ]
97 verbose get saving bindings to /Users/erica/.npm/registry.npmjs.org/bindings/.cache.json
98 verbose correctMkdir /Users/erica/.npm correctMkdir not in flight; initializing
99 silly resolveWithNewModule bindings@1.2.1 checking installable status
100 silly cache add args [ 'bindings@1.2.1', null ]
101 verbose cache add spec bindings@1.2.1
102 silly cache add parsed spec Result {
102 silly cache add   raw: 'bindings@1.2.1',
102 silly cache add   scope: null,
102 silly cache add   escapedName: 'bindings',
102 silly cache add   name: 'bindings',
102 silly cache add   rawSpec: '1.2.1',
102 silly cache add   spec: '1.2.1',
102 silly cache add   type: 'version' }
103 silly addNamed bindings@1.2.1
104 verbose addNamed "1.2.1" is a plain semver version for bindings
105 silly mapToRegistry name bindings
106 silly mapToRegistry using default registry
107 silly mapToRegistry registry https://registry.npmjs.org/
108 silly mapToRegistry data Result {
108 silly mapToRegistry   raw: 'bindings',
108 silly mapToRegistry   scope: null,
108 silly mapToRegistry   escapedName: 'bindings',
108 silly mapToRegistry   name: 'bindings',
108 silly mapToRegistry   rawSpec: '',
108 silly mapToRegistry   spec: 'latest',
108 silly mapToRegistry   type: 'tag' }
109 silly mapToRegistry uri https://registry.npmjs.org/bindings
110 verbose addNameVersion registry:https://registry.npmjs.org/bindings not in flight; fetching
111 verbose get https://registry.npmjs.org/bindings not expired, no request
112 silly cache afterAdd bindings@1.2.1
113 verbose afterAdd /Users/erica/.npm/bindings/1.2.1/package/package.json not in flight; writing
114 verbose correctMkdir /Users/erica/.npm correctMkdir not in flight; initializing
115 verbose afterAdd /Users/erica/.npm/bindings/1.2.1/package/package.json written
116 http 200 https://registry.npmjs.org/nan
117 verbose headers { server: 'CouchDB/1.5.0 (Erlang OTP/R16B03)',
117 verbose headers   etag: '"1OOZJAUMBQC59OINHZGMRRCSL"',
117 verbose headers   'content-type': 'application/json',
117 verbose headers   'content-encoding': 'gzip',
117 verbose headers   'cache-control': 'max-age=300',
117 verbose headers   'content-length': '17213',
117 verbose headers   'accept-ranges': 'bytes',
117 verbose headers   date: 'Wed, 31 Aug 2016 23:37:27 GMT',
117 verbose headers   via: '1.1 varnish',
117 verbose headers   age: '79',
117 verbose headers   connection: 'keep-alive',
117 verbose headers   'x-served-by': 'cache-lax1436-LAX',
117 verbose headers   'x-cache': 'HIT',
117 verbose headers   'x-cache-hits': '1',
117 verbose headers   'x-timer': 'S1472686647.488994,VS0,VE0',
117 verbose headers   vary: 'Accept-Encoding' }
118 silly get cb [ 200,
118 silly get   { server: 'CouchDB/1.5.0 (Erlang OTP/R16B03)',
118 silly get     etag: '"1OOZJAUMBQC59OINHZGMRRCSL"',
118 silly get     'content-type': 'application/json',
118 silly get     'content-encoding': 'gzip',
118 silly get     'cache-control': 'max-age=300',
118 silly get     'content-length': '17213',
118 silly get     'accept-ranges': 'bytes',
118 silly get     date: 'Wed, 31 Aug 2016 23:37:27 GMT',
118 silly get     via: '1.1 varnish',
118 silly get     age: '79',
118 silly get     connection: 'keep-alive',
118 silly get     'x-served-by': 'cache-lax1436-LAX',
118 silly get     'x-cache': 'HIT',
118 silly get     'x-cache-hits': '1',
118 silly get     'x-timer': 'S1472686647.488994,VS0,VE0',
118 silly get     vary: 'Accept-Encoding' } ]
119 verbose get saving nan to /Users/erica/.npm/registry.npmjs.org/nan/.cache.json
120 verbose correctMkdir /Users/erica/.npm correctMkdir not in flight; initializing
121 silly resolveWithNewModule nan@2.3.5 checking installable status
122 silly cache add args [ 'nan@2.3.5', null ]
123 verbose cache add spec nan@2.3.5
124 silly cache add parsed spec Result {
124 silly cache add   raw: 'nan@2.3.5',
124 silly cache add   scope: null,
124 silly cache add   escapedName: 'nan',
124 silly cache add   name: 'nan',
124 silly cache add   rawSpec: '2.3.5',
124 silly cache add   spec: '2.3.5',
124 silly cache add   type: 'version' }
125 silly addNamed nan@2.3.5
126 verbose addNamed "2.3.5" is a plain semver version for nan
127 silly mapToRegistry name nan
128 silly mapToRegistry using default registry
129 silly mapToRegistry registry https://registry.npmjs.org/
130 silly mapToRegistry data Result {
130 silly mapToRegistry   raw: 'nan',
130 silly mapToRegistry   scope: null,
130 silly mapToRegistry   escapedName: 'nan',
130 silly mapToRegistry   name: 'nan',
130 silly mapToRegistry   rawSpec: '',
130 silly mapToRegistry   spec: 'latest',
130 silly mapToRegistry   type: 'tag' }
131 silly mapToRegistry uri https://registry.npmjs.org/nan
132 verbose addNameVersion registry:https://registry.npmjs.org/nan not in flight; fetching
133 verbose get https://registry.npmjs.org/nan not expired, no request
134 silly mapToRegistry name nan
135 silly mapToRegistry using default registry
136 silly mapToRegistry registry https://registry.npmjs.org/
137 silly mapToRegistry data Result {
137 silly mapToRegistry   raw: 'nan',
137 silly mapToRegistry   scope: null,
137 silly mapToRegistry   escapedName: 'nan',
137 silly mapToRegistry   name: 'nan',
137 silly mapToRegistry   rawSpec: '',
137 silly mapToRegistry   spec: 'latest',
137 silly mapToRegistry   type: 'tag' }
138 silly mapToRegistry uri https://registry.npmjs.org/nan
139 verbose addRemoteTarball https://registry.npmjs.org/nan/-/nan-2.3.5.tgz not in flight; adding
140 verbose addRemoteTarball [ 'https://registry.npmjs.org/nan/-/nan-2.3.5.tgz',
140 verbose addRemoteTarball   '822a0dc266290ce4cd3a12282ca3e7e364668a08' ]
141 info retry fetch attempt 1 at 4:37:27 PM
142 info attempt registry request try #1 at 4:37:27 PM
143 http fetch GET https://registry.npmjs.org/nan/-/nan-2.3.5.tgz
144 http fetch 200 https://registry.npmjs.org/nan/-/nan-2.3.5.tgz
145 silly fetchAndShaCheck shasum 822a0dc266290ce4cd3a12282ca3e7e364668a08
146 verbose addTmpTarball /var/folders/j7/7vcm5jcj7s36sw63yf9555tr0000gn/T/npm-29466-f81042e2/registry.npmjs.org/nan/-/nan-2.3.5.tgz not in flight; adding
147 verbose addTmpTarball already have metadata; skipping unpack for nan@2.3.5
148 verbose correctMkdir /Users/erica/.npm correctMkdir not in flight; initializing
149 silly cache afterAdd nan@2.3.5
150 verbose afterAdd /Users/erica/.npm/nan/2.3.5/package/package.json not in flight; writing
151 verbose correctMkdir /Users/erica/.npm correctMkdir not in flight; initializing
152 verbose afterAdd /Users/erica/.npm/nan/2.3.5/package/package.json written
153 silly loadAllDepsIntoIdealTree Finishing
154 silly loadIdealTree Finishing
155 silly currentTree ttapp@
156 silly idealTree ttapp@
156 silly idealTree ├── bcrypt@0.8.7
156 silly idealTree ├── bindings@1.2.1
156 silly idealTree └── nan@2.3.5
157 silly generateActionsToTake Starting
158 silly install generateActionsToTake
159 silly generateActionsToTake Finishing
160 silly diffTrees action count 3
161 silly diffTrees add bindings@1.2.1
162 silly diffTrees add nan@2.3.5
163 silly diffTrees add bcrypt@0.8.7
164 silly decomposeActions action count 24
165 silly decomposeActions fetch bindings@1.2.1
166 silly decomposeActions extract bindings@1.2.1
167 silly decomposeActions test bindings@1.2.1
168 silly decomposeActions preinstall bindings@1.2.1
169 silly decomposeActions build bindings@1.2.1
170 silly decomposeActions install bindings@1.2.1
171 silly decomposeActions postinstall bindings@1.2.1
172 silly decomposeActions finalize bindings@1.2.1
173 silly decomposeActions fetch nan@2.3.5
174 silly decomposeActions extract nan@2.3.5
175 silly decomposeActions test nan@2.3.5
176 silly decomposeActions preinstall nan@2.3.5
177 silly decomposeActions build nan@2.3.5
178 silly decomposeActions install nan@2.3.5
179 silly decomposeActions postinstall nan@2.3.5
180 silly decomposeActions finalize nan@2.3.5
181 silly decomposeActions fetch bcrypt@0.8.7
182 silly decomposeActions extract bcrypt@0.8.7
183 silly decomposeActions test bcrypt@0.8.7
184 silly decomposeActions preinstall bcrypt@0.8.7
185 silly decomposeActions build bcrypt@0.8.7
186 silly decomposeActions install bcrypt@0.8.7
187 silly decomposeActions postinstall bcrypt@0.8.7
188 silly decomposeActions finalize bcrypt@0.8.7
189 silly executeActions Starting
190 silly install executeActions
191 silly doSerial global-install 0
192 silly doParallel fetch 3
193 verbose correctMkdir /Users/erica/.npm/_locks correctMkdir not in flight; initializing
194 verbose lock using /Users/erica/.npm/_locks/staging-1bbfcf6135169837.lock for /Users/erica/GitHub/ttapp/node_modules/.staging
195 silly doParallel extract 3
196 silly extract bindings@1.2.1
197 silly extract nan@2.3.5
198 silly extract bcrypt@0.8.7
199 verbose unbuild node_modules/.staging/bindings-6a95aaac
200 verbose unbuild node_modules/.staging/nan-7d3f24d2
201 verbose unbuild node_modules/.staging/bcrypt-a211fd7f
202 silly gentlyRm /Users/erica/GitHub/ttapp/node_modules/.staging/bindings-6a95aaac is being purged from base /Users/erica/GitHub/ttapp
203 verbose gentlyRm don't care about contents; nuking /Users/erica/GitHub/ttapp/node_modules/.staging/bindings-6a95aaac
204 silly gentlyRm /Users/erica/GitHub/ttapp/node_modules/.staging/nan-7d3f24d2 is being purged from base /Users/erica/GitHub/ttapp
205 verbose gentlyRm don't care about contents; nuking /Users/erica/GitHub/ttapp/node_modules/.staging/nan-7d3f24d2
206 silly gentlyRm /Users/erica/GitHub/ttapp/node_modules/.staging/bcrypt-a211fd7f is being purged from base /Users/erica/GitHub/ttapp
207 verbose gentlyRm don't care about contents; nuking /Users/erica/GitHub/ttapp/node_modules/.staging/bcrypt-a211fd7f
208 verbose tar unpack /Users/erica/.npm/bindings/1.2.1/package.tgz
209 verbose tar unpacking to /Users/erica/GitHub/ttapp/node_modules/.staging/bindings-6a95aaac
210 silly gentlyRm /Users/erica/GitHub/ttapp/node_modules/.staging/bindings-6a95aaac is being purged
211 verbose gentlyRm don't care about contents; nuking /Users/erica/GitHub/ttapp/node_modules/.staging/bindings-6a95aaac
212 verbose tar unpack /Users/erica/.npm/nan/2.3.5/package.tgz
213 verbose tar unpacking to /Users/erica/GitHub/ttapp/node_modules/.staging/nan-7d3f24d2
214 silly gentlyRm /Users/erica/GitHub/ttapp/node_modules/.staging/nan-7d3f24d2 is being purged
215 verbose gentlyRm don't care about contents; nuking /Users/erica/GitHub/ttapp/node_modules/.staging/nan-7d3f24d2
216 verbose tar unpack /Users/erica/.npm/bcrypt/0.8.7/package.tgz
217 verbose tar unpacking to /Users/erica/GitHub/ttapp/node_modules/.staging/bcrypt-a211fd7f
218 silly gentlyRm /Users/erica/GitHub/ttapp/node_modules/.staging/bcrypt-a211fd7f is being purged
219 verbose gentlyRm don't care about contents; nuking /Users/erica/GitHub/ttapp/node_modules/.staging/bcrypt-a211fd7f
220 silly gunzTarPerm modes [ '755', '644' ]
221 silly gunzTarPerm modes [ '755', '644' ]
222 silly gunzTarPerm modes [ '755', '644' ]
223 silly gunzTarPerm extractEntry package.json
224 silly gunzTarPerm extractEntry package.json
225 silly gunzTarPerm modified mode [ 'package.json', 436, 420 ]
226 silly gunzTarPerm extractEntry package.json
227 silly gunzTarPerm extractEntry README.md
228 silly gunzTarPerm extractEntry bindings.js
229 silly gunzTarPerm extractEntry README.md
230 silly gunzTarPerm modified mode [ 'README.md', 436, 420 ]
231 silly gunzTarPerm extractEntry .npmignore
232 silly gunzTarPerm extractEntry README.md
233 silly gunzTarPerm extractEntry include_dirs.js
234 silly gunzTarPerm modified mode [ 'include_dirs.js', 436, 420 ]
235 silly gunzTarPerm extractEntry LICENSE
236 silly gunzTarPerm extractEntry bcrypt.js
237 silly gunzTarPerm extractEntry Makefile
238 silly gunzTarPerm extractEntry .travis.yml
239 silly gunzTarPerm extractEntry CHANGELOG.md
240 silly gunzTarPerm extractEntry binding.gyp
241 silly gunzTarPerm extractEntry examples/async_compare.js
242 silly gunzTarPerm extractEntry examples/forever_gen_salt.js
243 silly gunzTarPerm extractEntry test/async.js
244 silly gunzTarPerm extractEntry test/repetitions.js
245 silly gunzTarPerm extractEntry test/sync.js
246 silly gunzTarPerm extractEntry ISSUE_TEMPLATE.md
247 silly gunzTarPerm extractEntry src/bcrypt.cc
248 silly gunzTarPerm extractEntry src/bcrypt_node.cc
249 silly gunzTarPerm extractEntry src/blowfish.cc
250 silly gunzTarPerm extractEntry src/node_blf.h
251 silly gunzTarPerm extractEntry werker.yml
252 silly gunzTarPerm extractEntry nan_converters.h
253 silly gunzTarPerm modified mode [ 'nan_converters.h', 436, 420 ]
254 silly gunzTarPerm extractEntry LICENSE.md
255 silly gunzTarPerm modified mode [ 'LICENSE.md', 436, 420 ]
256 silly gunzTarPerm extractEntry doc/node_misc.md
257 silly gunzTarPerm modified mode [ 'doc/node_misc.md', 436, 420 ]
258 silly gunzTarPerm extractEntry doc/asyncworker.md
259 silly gunzTarPerm modified mode [ 'doc/asyncworker.md', 436, 420 ]
260 silly gunzTarPerm extractEntry doc/callback.md
261 silly gunzTarPerm modified mode [ 'doc/callback.md', 436, 420 ]
262 silly gunzTarPerm extractEntry doc/converters.md
263 silly gunzTarPerm modified mode [ 'doc/converters.md', 436, 420 ]
264 silly gunzTarPerm extractEntry doc/errors.md
265 silly gunzTarPerm modified mode [ 'doc/errors.md', 436, 420 ]
266 silly gunzTarPerm extractEntry doc/maybe_types.md
267 silly gunzTarPerm modified mode [ 'doc/maybe_types.md', 436, 420 ]
268 silly gunzTarPerm extractEntry doc/methods.md
269 silly gunzTarPerm modified mode [ 'doc/methods.md', 436, 420 ]
270 silly gunzTarPerm extractEntry doc/new.md
271 silly gunzTarPerm modified mode [ 'doc/new.md', 436, 420 ]
272 silly gentlyRm /Users/erica/GitHub/ttapp/node_modules/.staging/bindings-6a95aaac/node_modules is being purged
273 verbose gentlyRm don't care about contents; nuking /Users/erica/GitHub/ttapp/node_modules/.staging/bindings-6a95aaac/node_modules
274 silly gunzTarPerm extractEntry doc/buffers.md
275 silly gunzTarPerm modified mode [ 'doc/buffers.md', 436, 420 ]
276 silly gunzTarPerm extractEntry doc/object_wrappers.md
277 silly gunzTarPerm modified mode [ 'doc/object_wrappers.md', 436, 420 ]
278 silly gunzTarPerm extractEntry doc/persistent.md
279 silly gunzTarPerm modified mode [ 'doc/persistent.md', 436, 420 ]
280 silly gunzTarPerm extractEntry doc/scopes.md
281 silly gunzTarPerm modified mode [ 'doc/scopes.md', 436, 420 ]
282 silly gunzTarPerm extractEntry doc/script.md
283 silly gunzTarPerm modified mode [ 'doc/script.md', 436, 420 ]
284 silly gunzTarPerm extractEntry doc/string_bytes.md
285 silly gunzTarPerm modified mode [ 'doc/string_bytes.md', 436, 420 ]
286 silly gunzTarPerm extractEntry doc/v8_internals.md
287 silly gunzTarPerm modified mode [ 'doc/v8_internals.md', 436, 420 ]
288 silly gunzTarPerm extractEntry doc/v8_misc.md
289 silly gunzTarPerm modified mode [ 'doc/v8_misc.md', 436, 420 ]
290 silly gunzTarPerm extractEntry nan.h
291 silly gunzTarPerm modified mode [ 'nan.h', 436, 420 ]
292 silly gunzTarPerm extractEntry nan_callbacks.h
293 silly gunzTarPerm modified mode [ 'nan_callbacks.h', 436, 420 ]
294 silly gunzTarPerm extractEntry nan_callbacks_12_inl.h
295 silly gunzTarPerm modified mode [ 'nan_callbacks_12_inl.h', 436, 420 ]
296 silly gunzTarPerm extractEntry nan_callbacks_pre_12_inl.h
297 silly gunzTarPerm modified mode [ 'nan_callbacks_pre_12_inl.h', 436, 420 ]
298 silly gunzTarPerm extractEntry nan_converters_43_inl.h
299 silly gunzTarPerm modified mode [ 'nan_converters_43_inl.h', 436, 420 ]
300 silly gunzTarPerm extractEntry nan_converters_pre_43_inl.h
301 silly gunzTarPerm modified mode [ 'nan_converters_pre_43_inl.h', 436, 420 ]
302 silly gunzTarPerm extractEntry nan_implementation_12_inl.h
303 silly gunzTarPerm modified mode [ 'nan_implementation_12_inl.h', 436, 420 ]
304 silly gunzTarPerm extractEntry nan_implementation_pre_12_inl.h
305 silly gunzTarPerm modified mode [ 'nan_implementation_pre_12_inl.h', 436, 420 ]
306 silly gunzTarPerm extractEntry nan_maybe_43_inl.h
307 silly gunzTarPerm modified mode [ 'nan_maybe_43_inl.h', 436, 420 ]
308 silly gunzTarPerm extractEntry nan_maybe_pre_43_inl.h
309 silly gunzTarPerm modified mode [ 'nan_maybe_pre_43_inl.h', 436, 420 ]
310 silly gunzTarPerm extractEntry nan_new.h
311 silly gunzTarPerm modified mode [ 'nan_new.h', 436, 420 ]
312 silly gunzTarPerm extractEntry nan_object_wrap.h
313 silly gunzTarPerm modified mode [ 'nan_object_wrap.h', 436, 420 ]
314 silly gunzTarPerm extractEntry nan_persistent_12_inl.h
315 silly gunzTarPerm modified mode [ 'nan_persistent_12_inl.h', 436, 420 ]
316 silly gunzTarPerm extractEntry nan_persistent_pre_12_inl.h
317 silly gunzTarPerm modified mode [ 'nan_persistent_pre_12_inl.h', 436, 420 ]
318 silly gunzTarPerm extractEntry nan_string_bytes.h
319 silly gunzTarPerm modified mode [ 'nan_string_bytes.h', 436, 420 ]
320 silly gunzTarPerm extractEntry nan_typedarray_contents.h
321 silly gunzTarPerm modified mode [ 'nan_typedarray_contents.h', 436, 420 ]
322 silly gunzTarPerm extractEntry nan_weak.h
323 silly gunzTarPerm modified mode [ 'nan_weak.h', 436, 420 ]
324 silly gunzTarPerm extractEntry CHANGELOG.md
325 silly gunzTarPerm modified mode [ 'CHANGELOG.md', 436, 420 ]
326 silly gunzTarPerm extractEntry tools/package.json
327 silly gunzTarPerm modified mode [ 'tools/package.json', 436, 420 ]
328 silly gunzTarPerm extractEntry tools/README.md
329 silly gunzTarPerm modified mode [ 'tools/README.md', 436, 420 ]
330 silly gunzTarPerm extractEntry tools/1to2.js
331 silly gunzTarPerm modified mode [ 'tools/1to2.js', 509, 493 ]
332 silly gentlyRm /Users/erica/GitHub/ttapp/node_modules/.staging/bcrypt-a211fd7f/node_modules is being purged
333 verbose gentlyRm don't care about contents; nuking /Users/erica/GitHub/ttapp/node_modules/.staging/bcrypt-a211fd7f/node_modules
334 silly gentlyRm /Users/erica/GitHub/ttapp/node_modules/.staging/nan-7d3f24d2/node_modules is being purged
335 verbose gentlyRm don't care about contents; nuking /Users/erica/GitHub/ttapp/node_modules/.staging/nan-7d3f24d2/node_modules
336 silly doParallel preinstall 3
337 silly preinstall bindings@1.2.1 /Users/erica/GitHub/ttapp/node_modules/.staging/bindings-6a95aaac
338 info lifecycle bindings@1.2.1~preinstall: bindings@1.2.1
339 silly preinstall nan@2.3.5 /Users/erica/GitHub/ttapp/node_modules/.staging/nan-7d3f24d2
340 info lifecycle nan@2.3.5~preinstall: nan@2.3.5
341 silly preinstall bcrypt@0.8.7 /Users/erica/GitHub/ttapp/node_modules/.staging/bcrypt-a211fd7f
342 info lifecycle bcrypt@0.8.7~preinstall: bcrypt@0.8.7
343 silly lifecycle bindings@1.2.1~preinstall: no script for preinstall, continuing
344 silly lifecycle nan@2.3.5~preinstall: no script for preinstall, continuing
345 silly lifecycle bcrypt@0.8.7~preinstall: no script for preinstall, continuing
346 silly doReverseSerial remove 0
347 silly doSerial move 0
348 silly doSerial finalize 3
349 silly finalize /Users/erica/GitHub/ttapp/node_modules/bindings
350 silly finalize /Users/erica/GitHub/ttapp/node_modules/nan
351 silly finalize /Users/erica/GitHub/ttapp/node_modules/bcrypt
352 silly doSerial build 3
353 silly build bindings@1.2.1
354 info linkStuff bindings@1.2.1
355 silly linkStuff bindings@1.2.1 has /Users/erica/GitHub/ttapp/node_modules as its parent node_modules
356 verbose linkBins bindings@1.2.1
357 verbose linkMans bindings@1.2.1
358 silly build nan@2.3.5
359 info linkStuff nan@2.3.5
360 silly linkStuff nan@2.3.5 has /Users/erica/GitHub/ttapp/node_modules as its parent node_modules
361 verbose linkBins nan@2.3.5
362 verbose linkMans nan@2.3.5
363 silly build bcrypt@0.8.7
364 info linkStuff bcrypt@0.8.7
365 silly linkStuff bcrypt@0.8.7 has /Users/erica/GitHub/ttapp/node_modules as its parent node_modules
366 verbose linkBins bcrypt@0.8.7
367 verbose linkMans bcrypt@0.8.7
368 silly doSerial global-link 0
369 silly doParallel update-linked 0
370 silly doSerial install 3
371 silly install bindings@1.2.1 /Users/erica/GitHub/ttapp/node_modules/.staging/bindings-6a95aaac
372 info lifecycle bindings@1.2.1~install: bindings@1.2.1
373 silly lifecycle bindings@1.2.1~install: no script for install, continuing
374 silly install nan@2.3.5 /Users/erica/GitHub/ttapp/node_modules/.staging/nan-7d3f24d2
375 info lifecycle nan@2.3.5~install: nan@2.3.5
376 silly lifecycle nan@2.3.5~install: no script for install, continuing
377 silly install bcrypt@0.8.7 /Users/erica/GitHub/ttapp/node_modules/.staging/bcrypt-a211fd7f
378 info lifecycle bcrypt@0.8.7~install: bcrypt@0.8.7
379 verbose lifecycle bcrypt@0.8.7~install: unsafe-perm in lifecycle true
380 verbose lifecycle bcrypt@0.8.7~install: PATH: /Users/erica/.meteor/packages/meteor-tool/.1.4.1_1.pwmow++os.osx.x86_64+web.browser+web.cordova/mt-os.osx.x86_64/dev_bundle/lib/node_modules/npm/bin/node-gyp-bin:/Users/erica/GitHub/ttapp/node_modules/bcrypt/node_modules/.bin:/Users/erica/GitHub/ttapp/node_modules/.bin:/Users/erica/.meteor/packages/meteor-tool/.1.4.1_1.pwmow++os.osx.x86_64+web.browser+web.cordova/mt-os.osx.x86_64/dev_bundle/bin:/Users/erica/.meteor/packages/meteor-tool/.1.4.1_1.pwmow++os.osx.x86_64+web.browser+web.cordova/mt-os.osx.x86_64/dev_bundle/lib/node_modules/.bin:/Library/Frameworks/Python.framework/Versions/3.5/bin:/usr/local/heroku/bin:/Library/Frameworks/Python.framework/Versions/3.4/bin:/usr/local/bin:/usr/bin:/bin:/usr/sbin:/sbin:/usr/local/git/bin:/Library/TeX/texbin
381 verbose lifecycle bcrypt@0.8.7~install: CWD: /Users/erica/GitHub/ttapp/node_modules/bcrypt
382 silly lifecycle bcrypt@0.8.7~install: Args: [ '-c', 'node-gyp rebuild' ]
383 silly lifecycle bcrypt@0.8.7~install: Returned: code: 1  signal: null
384 info lifecycle bcrypt@0.8.7~install: Failed to exec install script
385 verbose unlock done using /Users/erica/.npm/_locks/staging-1bbfcf6135169837.lock for /Users/erica/GitHub/ttapp/node_modules/.staging
386 silly rollbackFailedOptional Starting
387 silly rollbackFailedOptional Finishing
388 silly runTopLevelLifecycles Starting
389 silly runTopLevelLifecycles Finishing
390 silly install printInstalled
391 verbose stack Error: bcrypt@0.8.7 install: `node-gyp rebuild`
391 verbose stack Exit status 1
391 verbose stack     at EventEmitter.<anonymous> (/Users/erica/.meteor/packages/meteor-tool/.1.4.1_1.pwmow++os.osx.x86_64+web.browser+web.cordova/mt-os.osx.x86_64/dev_bundle/lib/node_modules/npm/lib/utils/lifecycle.js:255:16)
391 verbose stack     at emitTwo (events.js:87:13)
391 verbose stack     at EventEmitter.emit (events.js:172:7)
391 verbose stack     at ChildProcess.<anonymous> (/Users/erica/.meteor/packages/meteor-tool/.1.4.1_1.pwmow++os.osx.x86_64+web.browser+web.cordova/mt-os.osx.x86_64/dev_bundle/lib/node_modules/npm/lib/utils/spawn.js:40:14)
391 verbose stack     at emitTwo (events.js:87:13)
391 verbose stack     at ChildProcess.emit (events.js:172:7)
391 verbose stack     at maybeClose (internal/child_process.js:829:16)
391 verbose stack     at Process.ChildProcess._handle.onexit (internal/child_process.js:211:5)
392 verbose pkgid bcrypt@0.8.7
393 verbose cwd /Users/erica/GitHub/ttapp
394 error Darwin 15.5.0
395 error argv "/Users/erica/.meteor/packages/meteor-tool/.1.4.1_1.pwmow++os.osx.x86_64+web.browser+web.cordova/mt-os.osx.x86_64/dev_bundle/bin/node" "/Users/erica/.meteor/packages/meteor-tool/.1.4.1_1.pwmow++os.osx.x86_64+web.browser+web.cordova/mt-os.osx.x86_64/dev_bundle/bin/npm" "install" "--save" "bcrypt"
396 error node v4.5.0
397 error npm  v3.10.6
398 error code ELIFECYCLE
399 error bcrypt@0.8.7 install: `node-gyp rebuild`
399 error Exit status 1
400 error Failed at the bcrypt@0.8.7 install script 'node-gyp rebuild'.
400 error Make sure you have the latest version of node.js and npm installed.
400 error If you do, this is most likely a problem with the bcrypt package,
400 error not with npm itself.
400 error Tell the author that this fails on your system:
400 error     node-gyp rebuild
400 error You can get information on how to open an issue for this project with:
400 error     npm bugs bcrypt
400 error Or if that isn't available, you can get their info via:
400 error     npm owner ls bcrypt
400 error There is likely additional logging output above.
401 verbose exit [ 1, true ]
